0 verbose cli /usr/local/bin/node /usr/local/bin/npm
1 info using npm@10.9.2
2 info using node@v22.16.0
3 silly config load:file:/usr/local/lib/node_modules/npm/npmrc
4 silly config load:file:/Users/paulthi/Library/Caches/typescript/5.9/.npmrc
5 silly config load:file:/Users/paulthi/.npmrc
6 silly config load:file:/usr/local/etc/npmrc
7 verbose title npm install types-registry@latest
8 verbose argv "install" "--ignore-scripts" "types-registry@latest"
9 verbose logfile logs-max:10 dir:/Users/paulthi/.npm/_logs/2026-04-22T18_14_15_650Z-
10 verbose logfile /Users/paulthi/.npm/_logs/2026-04-22T18_14_15_650Z-debug-0.log
11 silly logfile start cleaning logs, removing 1 files
12 silly packumentCache heap:4345298944 maxSize:1086324736 maxEntrySize:543162368
13 silly logfile done cleaning log files
14 silly packumentCache corgi:https://registry.npmjs.org/types-registry cache-miss
15 http fetch GET 200 https://registry.npmjs.org/types-registry 188ms (cache revalidated)
16 silly packumentCache corgi:https://registry.npmjs.org/types-registry set size:622642 disposed:false
17 silly idealTree buildDeps
18 silly fetch manifest types-registry@0.1.766
19 silly packumentCache full:https://registry.npmjs.org/types-registry cache-miss
20 http fetch GET 200 https://registry.npmjs.org/types-registry 71ms (cache revalidated)
21 silly packumentCache full:https://registry.npmjs.org/types-registry set size:1345709 disposed:false
22 silly placeDep ROOT types-registry@0.1.766 REPLACE for:  want: 0.1.766
23 silly reify moves {}
24 silly audit bulk request {
24 silly audit   '@types/gh-pages': [ '6.1.0' ],
24 silly audit   '@types/node': [ '25.6.0' ],
24 silly audit   '@types/react': [ '19.2.14' ],
24 silly audit   '@types/react-dom': [ '19.2.3' ],
24 silly audit   csstype: [ '3.2.3' ],
24 silly audit   'undici-types': [ '7.19.2' ],
24 silly audit   'types-registry': [ '0.1.766' ]
24 silly audit }
25 http fetch POST 200 https://registry.npmjs.org/-/npm/v1/security/advisories/bulk 219ms
26 silly audit report {}
27 verbose cwd /Users/paulthi/Library/Caches/typescript/5.9
28 verbose os Darwin 23.0.0
29 verbose node v22.16.0
30 verbose npm  v10.9.2
31 verbose exit 0
32 info ok
