0 verbose cli /usr/local/bin/node /usr/local/bin/npm
1 info using npm@10.9.2
2 info using node@v22.16.0
3 silly config load:file:/usr/local/lib/node_modules/npm/npmrc
4 silly config load:file:/Users/paulthi/Library/Caches/typescript/5.9/.npmrc
5 silly config load:file:/Users/paulthi/.npmrc
6 silly config load:file:/usr/local/etc/npmrc
7 verbose title npm install types-registry@latest
8 verbose argv "install" "--ignore-scripts" "types-registry@latest"
9 verbose logfile logs-max:10 dir:/Users/paulthi/.npm/_logs/2026-04-19T19_22_13_225Z-
10 verbose logfile /Users/paulthi/.npm/_logs/2026-04-19T19_22_13_225Z-debug-0.log
11 silly logfile start cleaning logs, removing 1 files
12 silly packumentCache heap:4345298944 maxSize:1086324736 maxEntrySize:543162368
13 silly logfile done cleaning log files
14 silly packumentCache corgi:https://registry.npmjs.org/types-registry cache-miss
15 http fetch GET 200 https://registry.npmjs.org/npm 5984ms
16 http fetch GET 200 https://registry.npmjs.org/types-registry 6395ms (cache updated)
17 silly packumentCache corgi:https://registry.npmjs.org/types-registry set size:undefined disposed:false
18 silly idealTree buildDeps
19 silly fetch manifest types-registry@0.1.766
20 silly packumentCache full:https://registry.npmjs.org/types-registry cache-miss
21 http fetch GET 200 https://registry.npmjs.org/types-registry 3226ms (cache updated)
22 silly packumentCache full:https://registry.npmjs.org/types-registry set size:undefined disposed:false
23 silly placeDep ROOT types-registry@0.1.766 OK for:  want: 0.1.766
24 silly reify moves {}
25 silly audit bulk request { 'types-registry': [ '0.1.766' ] }
26 http cache types-registry@https://registry.npmjs.org/types-registry/-/types-registry-0.1.766.tgz 0ms (cache hit)
27 silly tarball no local data for types-registry@https://registry.npmjs.org/types-registry/-/types-registry-0.1.766.tgz. Extracting by manifest.
28 http fetch POST 200 https://registry.npmjs.org/-/npm/v1/security/advisories/bulk 489ms
29 silly audit report {}
30 http fetch GET 200 https://registry.npmjs.org/types-registry/-/types-registry-0.1.766.tgz 3408ms (cache miss)
31 silly ADD node_modules/types-registry
32 verbose cwd /Users/paulthi/Library/Caches/typescript/5.9
33 verbose os Darwin 23.0.0
34 verbose node v22.16.0
35 verbose npm  v10.9.2
36 notice
36 notice New major version of npm available! 10.9.2 -> 11.12.1
36 notice Changelog: https://github.com/npm/cli/releases/tag/v11.12.1
36 notice To update run: npm install -g npm@11.12.1
36 notice  { force: true, [Symbol(proc-log.meta)]: true }
37 verbose exit 0
38 info ok
